\BOOKMARK [0][-]{chapter*.2}{Predmluva}{}% 1
\BOOKMARK [0][-]{chapter.1}{\332vod}{}% 2
\BOOKMARK [0][-]{chapter.2}{O Fyzik\341ln\355m korespondencn\355m semin\341ri}{}% 3
\BOOKMARK [1][-]{section.2.1}{\332vod}{chapter.2}% 4
\BOOKMARK [1][-]{section.2.2}{C\355le FYKOSu a z\341kladn\355 fakta o FYKOSu}{chapter.2}% 5
\BOOKMARK [2][-]{subsection.2.2.1}{Slovo FYKOS, logo a maskot semin\341re}{section.2.2}% 6
\BOOKMARK [2][-]{subsection.2.2.2}{Poradatel, financov\341n\355}{section.2.2}% 7
\BOOKMARK [2][-]{subsection.2.2.3}{C\355le FYKOSu}{section.2.2}% 8
\BOOKMARK [2][-]{subsection.2.2.4}{Organizace semin\341re}{section.2.2}% 9
\BOOKMARK [2][-]{subsection.2.2.5}{Pou\236\355van\341 technika pro organizaci}{section.2.2}% 10
\BOOKMARK [1][-]{section.2.3}{Korespondencn\355 c\341st}{chapter.2}% 11
\BOOKMARK [2][-]{subsection.2.3.1}{\332vod}{section.2.3}% 12
\BOOKMARK [2][-]{subsection.2.3.2}{Kategorie}{section.2.3}% 13
\BOOKMARK [2][-]{subsection.2.3.3}{Prubeh s\351ri\355 semin\341re}{section.2.3}% 14
\BOOKMARK [2][-]{subsection.2.3.4}{Typy \372loh}{section.2.3}% 15
\BOOKMARK [2][-]{subsection.2.3.5}{Hodnocen\355 \372loh}{section.2.3}% 16
\BOOKMARK [2][-]{subsection.2.3.6}{Rocenka}{section.2.3}% 17
\BOOKMARK [2][-]{subsection.2.3.7}{Pr\355nosy pro \372castn\355ky a odmeny}{section.2.3}% 18
\BOOKMARK [1][-]{section.2.4}{Soustreden\355}{chapter.2}% 19
\BOOKMARK [2][-]{subsection.2.4.1}{\332vod k soustreden\355m}{section.2.4}% 20
\BOOKMARK [2][-]{subsection.2.4.2}{Obvykl\375 program soustreden\355}{section.2.4}% 21
\BOOKMARK [2][-]{subsection.2.4.3}{Pr\355prava soustreden\355 z hlediska organiz\341toru}{section.2.4}% 22
\BOOKMARK [1][-]{section.2.5}{Exkurze, pozn\341vac\355 cesty}{chapter.2}% 23
\BOOKMARK [2][-]{subsection.2.5.1}{Den s experiment\341ln\355 fyzikou}{section.2.5}% 24
\BOOKMARK [2][-]{subsection.2.5.2}{T\375den s aplikovanou fyzikou}{section.2.5}% 25
\BOOKMARK [1][-]{section.2.6}{Jednor\341zov\351 t\375mov\351 soute\236e FYKOSu}{chapter.2}% 26
\BOOKMARK [2][-]{subsection.2.6.1}{FYKOS\355 Fyzikl\341n\355}{section.2.6}% 27
\BOOKMARK [2][-]{subsection.2.6.2}{Fyzikl\341n\355 online}{section.2.6}% 28
\BOOKMARK [1][-]{section.2.7}{Predn\341\235ky pro stredo\235kol\341ky}{chapter.2}% 29
\BOOKMARK [1][-]{section.2.8}{V\375pocty fyzik\341ln\355ch \372kolu}{chapter.2}% 30
\BOOKMARK [2][-]{subsection.2.8.1}{Vznik V\375fuku}{section.2.8}% 31
\BOOKMARK [2][-]{subsection.2.8.2}{Historie V\375fuku v r\341mci FYKOSu}{section.2.8}% 32
\BOOKMARK [2][-]{subsection.2.8.3}{Soucasn\375 stav}{section.2.8}% 33
\BOOKMARK [1][-]{section.2.9}{Historie Fyzik\341ln\355ho korespondencn\355ho semin\341re}{chapter.2}% 34
\BOOKMARK [2][-]{subsection.2.9.1}{Vznik a poc\341tky Fyzik\341ln\355ho korespondencn\355ho semin\341re}{section.2.9}% 35
\BOOKMARK [2][-]{subsection.2.9.2}{Prvn\355 rocn\355ky semin\341re}{section.2.9}% 36
\BOOKMARK [2][-]{subsection.2.9.3}{Historicky dule\236it\351 okam\236iky semin\341re}{section.2.9}% 37
\BOOKMARK [2][-]{subsection.2.9.4}{Historie od 23. rocn\355ku}{section.2.9}% 38
\BOOKMARK [0][-]{chapter.3}{Statistick\341 data o FYKOSu a jejich interpretace}{}% 39
\BOOKMARK [1][-]{section.3.1}{Pocty re\235itelu jednotliv\375ch rocn\355ku}{chapter.3}% 40
\BOOKMARK [1][-]{section.3.2}{Pocty \372spe\235n\375ch re\235itelu}{chapter.3}% 41
\BOOKMARK [1][-]{section.3.3}{Pocty odevzdan\375ch \372loh v rocn\355c\355ch}{chapter.3}% 42
\BOOKMARK [1][-]{section.3.4}{Celkov\375 pocet z\355skan\375ch bodu re\235iteli v rocn\355ku}{chapter.3}% 43
\BOOKMARK [1][-]{section.3.5}{Pocty re\235itelu dle s\351ri\355 rocn\355ku}{chapter.3}% 44
\BOOKMARK [1][-]{section.3.6}{Genderov\351 statistiky re\235itelu}{chapter.3}% 45
\BOOKMARK [1][-]{section.3.7}{Vernost re\235itelu}{chapter.3}% 46
\BOOKMARK [1][-]{section.3.8}{Hlavn\355 z\341very statistik s\351ri\355}{chapter.3}% 47
\BOOKMARK [0][-]{chapter.4}{C\355le a metody zpetn\351 vazby \372castn\355ku}{}% 48
\BOOKMARK [1][-]{section.4.1}{C\355le zpetn\351 vazby \372castn\355ku FYKOSu}{chapter.4}% 49
\BOOKMARK [2][-]{subsection.4.1.1}{C\355le be\236ne prov\341den\351 zpetn\351 vazby FYKOSu}{section.4.1}% 50
\BOOKMARK [2][-]{subsection.4.1.2}{C\355le systematick\351 zpetn\351 vazby od \372castn\355ku FYKOSu}{section.4.1}% 51
\BOOKMARK [1][-]{section.4.2}{Pou\236it\351 metody zpetn\351 vazby}{chapter.4}% 52
\BOOKMARK [2][-]{subsection.4.2.1}{Metody be\236ne prov\341den\351 zpetn\351 vazby FYKOSu}{section.4.2}% 53
\BOOKMARK [2][-]{subsection.4.2.2}{Interview}{section.4.2}% 54
\BOOKMARK [2][-]{subsection.4.2.3}{Dotazn\355k}{section.4.2}% 55
\BOOKMARK [0][-]{chapter.5}{Interview s re\235iteli}{}% 56
\BOOKMARK [1][-]{section.5.1}{\332vod k interview}{chapter.5}% 57
\BOOKMARK [1][-]{section.5.2}{Ot\341zky a prubeh interview}{chapter.5}% 58
\BOOKMARK [1][-]{section.5.3}{Z\341very z probehl\375ch interview}{chapter.5}% 59
\BOOKMARK [2][-]{subsection.5.3.1}{Historie interviewovan\351ho z hlediska fyziky}{section.5.3}% 60
\BOOKMARK [2][-]{subsection.5.3.2}{Zdroje informovanosti o FYKOSu}{section.5.3}% 61
\BOOKMARK [2][-]{subsection.5.3.3}{Motivace k re\235en\355 semin\341re}{section.5.3}% 62
\BOOKMARK [2][-]{subsection.5.3.4}{Vztah FYKOSu a dal\235\355ho studia po stredn\355 \235kole}{section.5.3}% 63
\BOOKMARK [2][-]{subsection.5.3.5}{Podpora \235koly}{section.5.3}% 64
\BOOKMARK [2][-]{subsection.5.3.6}{Smysl predn\341\235ek na soustreden\355ch}{section.5.3}% 65
\BOOKMARK [2][-]{subsection.5.3.7}{Siln\375 z\341\236itek spjat\375 s FYKOSem}{section.5.3}% 66
\BOOKMARK [2][-]{subsection.5.3.8}{Co FYKOS dal a vzal?}{section.5.3}% 67
\BOOKMARK [2][-]{subsection.5.3.9}{Shrnut\355 interview}{section.5.3}% 68
\BOOKMARK [0][-]{chapter.6}{Dotazn\355kov\351 \235etren\355}{}% 69
\BOOKMARK [1][-]{section.6.1}{Pilot\341\236 dotazn\355ku}{chapter.6}% 70
\BOOKMARK [2][-]{subsection.6.1.1}{Z\341kladn\355 informace k zad\341n\355 dotazn\355ku}{section.6.1}% 71
\BOOKMARK [2][-]{subsection.6.1.2}{Poucen\355 z pilot\341\236e}{section.6.1}% 72
\BOOKMARK [1][-]{section.6.2}{Elektronick\375 dotazn\355k}{chapter.6}% 73
\BOOKMARK [2][-]{subsection.6.2.1}{Z\341kladn\355 \372daje o dotazn\355ku}{section.6.2}% 74
\BOOKMARK [2][-]{subsection.6.2.2}{Struktura dotazn\355ku pro re\235itele}{section.6.2}% 75
\BOOKMARK [2][-]{subsection.6.2.3}{Pl\341ny na studium respondentu}{section.6.2}% 76
\BOOKMARK [2][-]{subsection.6.2.4}{Zdroje informovanosti o FYKOSu}{section.6.2}% 77
\BOOKMARK [2][-]{subsection.6.2.5}{Motivace k re\235en\355 semin\341re}{section.6.2}% 78
\BOOKMARK [2][-]{subsection.6.2.6}{Z\341zem\355 a podpora od ucitelu a \235koly}{section.6.2}% 79
\BOOKMARK [2][-]{subsection.6.2.7}{Odpovedi k prubehu s\351ri\355}{section.6.2}% 80
\BOOKMARK [2][-]{subsection.6.2.8}{Odpovedi k jednotliv\375m akc\355m}{section.6.2}% 81
\BOOKMARK [2][-]{subsection.6.2.9}{Odpovedi nere\235itelu semin\341re}{section.6.2}% 82
\BOOKMARK [1][-]{section.6.3}{Srovn\341n\355 pilot\341\236e a elektronick\351ho dotazn\355ku}{chapter.6}% 83
\BOOKMARK [1][-]{section.6.4}{Strucn\375 emailov\375 dotazn\355k}{chapter.6}% 84
\BOOKMARK [0][-]{chapter.7}{Studijn\355 v\375voj \372castn\355ku FYKOSu}{}% 85
\BOOKMARK [1][-]{section.7.1}{Dule\236itost studijn\355ho v\375voje \372castn\355ku}{chapter.7}% 86
\BOOKMARK [2][-]{subsection.7.1.1}{Kvantitativn\355 v\375sledky elektronick\351ho dotazn\355ku}{section.7.1}% 87
\BOOKMARK [2][-]{subsection.7.1.2}{Hlavn\355 duvody studia jin\351 vysok\351 \235koly ne\236 MFF UK}{section.7.1}% 88
\BOOKMARK [0][-]{chapter.8}{Profesn\355 v\375voj \372castn\355ku FYKOSu}{}% 89
\BOOKMARK [1][-]{section.8.1}{Dule\236itost zkoum\341n\355 profesn\355ho v\375voje \372castn\355ku}{chapter.8}% 90
\BOOKMARK [1][-]{section.8.2}{Profese zast\341van\351 b\375val\375mi \372castn\355ky FYKOSu}{chapter.8}% 91
\BOOKMARK [1][-]{section.8.3}{Z\341ver k profesn\355mu v\375voji}{chapter.8}% 92
\BOOKMARK [0][-]{chapter.9}{Navr\236en\341 a realizovan\341 vylep\235en\355 FYKOSu}{}% 93
\BOOKMARK [1][-]{section.9.1}{Vylep\235en\355 FYKOSu jako celku}{chapter.9}% 94
\BOOKMARK [1][-]{section.9.2}{Vylep\235en\355 korespondencn\355 c\341sti semin\341re}{chapter.9}% 95
\BOOKMARK [2][-]{subsection.9.2.1}{Syst\351m odmen}{section.9.2}% 96
\BOOKMARK [1][-]{section.9.3}{Vylep\235en\355 webov\375ch str\341nek FYKOSu}{chapter.9}% 97
\BOOKMARK [2][-]{subsection.9.3.1}{Design a funkcnost}{section.9.3}% 98
\BOOKMARK [2][-]{subsection.9.3.2}{\332pravy obsahu}{section.9.3}% 99
\BOOKMARK [2][-]{subsection.9.3.3}{Zmena syst\351mu \205 prechod na dokuwiki}{section.9.3}% 100
\BOOKMARK [1][-]{section.9.4}{Vylep\235en\355 jednotliv\375ch akc\355 FYKOSu}{chapter.9}% 101
\BOOKMARK [0][-]{chapter.10}{Z\341ver}{}% 102
\BOOKMARK [0][-]{chapter.11}{Literatura}{}% 103
\BOOKMARK [0][-]{chapter.12}{Seznam zkratek}{}% 104
\BOOKMARK [0][-]{chapter.13}{Pr\355lohy}{}% 105
\BOOKMARK [1][-]{section.13.1}{Puvod loga FYKOSu}{chapter.13}% 106
\BOOKMARK [1][-]{section.13.2}{Statut koresponden. semin\341ru MFF UK}{chapter.13}% 107
\BOOKMARK [1][-]{section.13.3}{Uk\341zky \372loh ze s\351ri\355 FYKOSu}{chapter.13}% 108
\BOOKMARK [2][-]{subsection.13.3.1}{Jednoduch\341 \205 24-IV-1 a\) \205 napnut\341 struna}{section.13.3}% 109
\BOOKMARK [2][-]{subsection.13.3.2}{Jednoduch\341 \205 26-I-1 \205 tlust\375 pap\355r}{section.13.3}% 110
\BOOKMARK [2][-]{subsection.13.3.3}{Jednoduch\341 \205 27-I-1 \205 zlat\341 prehrada}{section.13.3}% 111
\BOOKMARK [2][-]{subsection.13.3.4}{Jednoduch\341 \205 27-VI-1 \205 antij\341dro}{section.13.3}% 112
\BOOKMARK [2][-]{subsection.13.3.5}{Norm\341ln\355 \205 24-VI-4 \205 konecn\351 re\235en\355 ot\341zky glob\341ln\355ho oteplov\341n\355}{section.13.3}% 113
\BOOKMARK [2][-]{subsection.13.3.6}{Norm\341ln\355 \205 25-I-4 \205 drrrrr}{section.13.3}% 114
\BOOKMARK [2][-]{subsection.13.3.7}{Norm\341ln\355 \205 25-VI-5 \205 beh na predn\341\235ku z eugeniky}{section.13.3}% 115
\BOOKMARK [2][-]{subsection.13.3.8}{Norm\341ln\355 \205 27-II-3 \205 t\375r\341n\355 p\355stu}{section.13.3}% 116
\BOOKMARK [2][-]{subsection.13.3.9}{Norm\341ln\355 \205 27-V-4 \205 troj\372heln\355kov\375 odporn\355cek}{section.13.3}% 117
\BOOKMARK [2][-]{subsection.13.3.10}{Probl\351mov\341 \205 25-V-P \205 sveteln\375 mec}{section.13.3}% 118
\BOOKMARK [2][-]{subsection.13.3.11}{Probl\351mov\341 \205 26-II-P \205 gravitace si \236\341d\341 vet\235\355 slovo}{section.13.3}% 119
\BOOKMARK [2][-]{subsection.13.3.12}{Probl\351mov\341 \205 26-IV-P \205 Mraz\355k}{section.13.3}% 120
\BOOKMARK [2][-]{subsection.13.3.13}{Experiment\341ln\355 \205 24-V-E \205 strunatci}{section.13.3}% 121
\BOOKMARK [2][-]{subsection.13.3.14}{Experiment\341ln\355 \205 25-I-E \205 brumlovo tajemstv\355}{section.13.3}% 122
\BOOKMARK [2][-]{subsection.13.3.15}{Experiment\341ln\355 \205 25-II-E \205 cockov\341n\355}{section.13.3}% 123
\BOOKMARK [1][-]{section.13.4}{Organizacn\355 r\341d FYKOS\355ho Fyzikl\341n\355}{chapter.13}% 124
\BOOKMARK [1][-]{section.13.5}{Pravidla 8. rocn\355ku FYKOS\355ho Fyzikl\341n\355}{chapter.13}% 125
\BOOKMARK [1][-]{section.13.6}{Organizacn\355 r\341d Fyzikl\341n\355 online}{chapter.13}% 126
\BOOKMARK [1][-]{section.13.7}{Pravidla 3. rocn\355ku Fyzikl\341n\355 online}{chapter.13}% 127
\BOOKMARK [1][-]{section.13.8}{Znen\355 ot\341zek dotazn\355ku z pilot\341\236e}{chapter.13}% 128
\BOOKMARK [1][-]{section.13.9}{Elektronick\375 dotazn\355k}{chapter.13}% 129
\BOOKMARK [2][-]{subsection.13.9.1}{Popis prilo\236en\351ho dotazn\355ku}{section.13.9}% 130
\BOOKMARK [2][-]{subsection.13.9.2}{Uk\341zka v\375stupu dotazn\355ku jednoho vyplnen\355}{section.13.9}% 131
\BOOKMARK [2][-]{subsection.13.9.3}{K\363dy odpoved\355}{section.13.9}% 132
\BOOKMARK [2][-]{subsection.13.9.4}{Pruchody dotazn\355kem}{section.13.9}% 133
\BOOKMARK [1][-]{section.13.10}{TODO - dal\235\355 pr\355loha}{chapter.13}% 134
